<?xml version="1.0" encoding="UTF-8"?>
<testsuites name="Sitemap" time="49" tests="10" failures="0" errors="0">
   <testsuite name="Sitemap" tests="10" failures="0" errors="0" time="49" timestamp="2019-07-25 10:59:49" hostname="Felix Y - LAPTOP-FKLO5HNS" id="Test Suites/Sitemap">
      <properties>
         <property name="deviceName" value=""/>
         <property name="devicePlatform" value=""/>
         <property name="logFolder" value="C:\\Users\\Felix Y\\git\\KatalonSehatQ\\Reports\\Sitemap\\20190725_105947"/>
         <property name="logFiles" value="C:\\Users\\Felix Y\\git\\KatalonSehatQ\\Reports\\Sitemap\\20190725_105947\\execution0.log"/>
         <property name="attachments" value=""/>
         <property name="hostName" value="Felix Y - LAPTOP-FKLO5HNS"/>
         <property name="os" value="Windows 10 64bit"/>
         <property name="katalonVersion" value="5.10.1.1"/>
         <property name="browser" value="Chrome 75.0.3770.142"/>
         <property name="hostAddress" value="172.22.250.220"/>
         <property name="sessionId" value="d32c7b77a45a47b262d7b7839e7d1d29"/>
         <property name="seleniumVersion" value="3.7.1"/>
         <property name="proxyInformation" value="ProxyInformation{proxyOption=USE_SYSTEM, proxyServerType=HTTP, password=, proxyServerAddress=, proxyServerPort=0}"/>
         <property name="platform" value="Windows 10"/>
      </properties>
      <testcase name="Test Cases/404 checker by sitemap/404 checker by sitemap - login steps" classname="Test Cases/404 checker by sitemap/404 checker by sitemap - login steps" status="PASSED">
         <system-out><![CDATA[2019-07-25 10:59:54 - [TEST_CASE][PASSED] - Test Cases/404 checker by sitemap/404 checker by sitemap - login steps: Test Cases/404 checker by sitemap/404 checker by sitemap - login steps

2019-07-25 10:59:54 - [TEST_STEP][PASSED] - navigateToUrl(target + "sehatq.com/"): Navigate to 'https://www.sehatq.com/' successfully

2019-07-25 10:59:57 - [MESSAGE][PASSED] - Navigate to 'https://www.sehatq.com/' successfully

2019-07-25 10:59:57 - [TEST_STEP][PASSED] - waitForPageLoad(5): Wait for page load successfully

2019-07-25 10:59:58 - [MESSAGE][PASSED] - Wait for page load successfully

2019-07-25 10:59:58 - [TEST_STEP][PASSED] - click(findTestObject("rumah sakit/booking logged in/button_Login  Daftar Baru")): Object: 'Object Repository/rumah sakit/booking logged in/button_Login  Daftar Baru' is clicked on

2019-07-25 10:59:58 - [MESSAGE][PASSED] - Object: 'Object Repository/rumah sakit/booking logged in/button_Login  Daftar Baru' is clicked on

2019-07-25 10:59:58 - [TEST_STEP][PASSED] - waitForElementVisible(findTestObject("rumah sakit/booking logged in/input_Alamat E-Mail_email"), 5): Object 'Object Repository/rumah sakit/booking logged in/input_Alamat E-Mail_email' is visible

2019-07-25 10:59:58 - [MESSAGE][PASSED] - Object 'Object Repository/rumah sakit/booking logged in/input_Alamat E-Mail_email' is visible

2019-07-25 10:59:58 - [TEST_STEP][PASSED] - setText(findTestObject("rumah sakit/booking logged in/input_Alamat E-Mail_email"), "kuning@color.com"): Text 'kuning@color.com' is set on object 'Object Repository/rumah sakit/booking logged in/input_Alamat E-Mail_email'

2019-07-25 10:59:59 - [MESSAGE][PASSED] - Text 'kuning@color.com' is set on object 'Object Repository/rumah sakit/booking logged in/input_Alamat E-Mail_email'

2019-07-25 10:59:59 - [TEST_STEP][PASSED] - setText(findTestObject("rumah sakit/booking logged in/input_Kata Sandi_password"), "123sehatQ!"): Text '123sehatQ!' is set on object 'Object Repository/rumah sakit/booking logged in/input_Kata Sandi_password'

2019-07-25 10:59:59 - [MESSAGE][PASSED] - Text '123sehatQ!' is set on object 'Object Repository/rumah sakit/booking logged in/input_Kata Sandi_password'

2019-07-25 10:59:59 - [TEST_STEP][PASSED] - click(findTestObject("rumah sakit/booking logged in/button_Masuk")): Object: 'Object Repository/rumah sakit/booking logged in/button_Masuk' is clicked on

2019-07-25 10:59:59 - [MESSAGE][PASSED] - Object: 'Object Repository/rumah sakit/booking logged in/button_Masuk' is clicked on

2019-07-25 10:59:59 - [TEST_STEP][PASSED] - waitForPageLoad(5): Wait for page load successfully

2019-07-25 10:59:59 - [MESSAGE][PASSED] - Wait for page load successfully]]></system-out>
         <system-err><![CDATA[]]></system-err>
      </testcase>
      <testcase name="Test Cases/404 checker by sitemap/404 checker by sitemap - after login" classname="Test Cases/404 checker by sitemap/404 checker by sitemap - after login" status="PASSED">
         <system-out><![CDATA[2019-07-25 10:59:59 - [TEST_CASE][PASSED] - Test Cases/404 checker by sitemap/404 checker by sitemap - after login: Test Cases/404 checker by sitemap/404 checker by sitemap - after login

2019-07-25 10:59:59 - [TEST_STEP][NOT_RUN] - openBrowser(""): NOT_RUN: openBrowser("")

2019-07-25 10:59:59 - [MESSAGE][NOT_RUN] - NOT_RUN: openBrowser("")

2019-07-25 10:59:59 - [TEST_STEP][NOT_RUN] - maximizeWindow(): NOT_RUN: maximizeWindow()

2019-07-25 10:59:59 - [MESSAGE][NOT_RUN] - NOT_RUN: maximizeWindow()

2019-07-25 10:59:59 - [TEST_STEP][PASSED] - navigateToUrl(sitemap): Navigate to 'https://www.sehatq.com/mysehatq/profile' successfully

2019-07-25 11:00:00 - [MESSAGE][PASSED] - Navigate to 'https://www.sehatq.com/mysehatq/profile' successfully

2019-07-25 11:00:00 - [TEST_STEP][PASSED] - waitForPageLoad(5): Wait for page load successfully

2019-07-25 11:00:04 - [MESSAGE][PASSED] - Wait for page load successfully

2019-07-25 11:00:04 - [TEST_STEP][PASSED] - uerel = []: null

2019-07-25 11:00:04 - [TEST_STEP][PASSED] - uerel += getAllLinksOnCurrentPage(false, []): Found 61 unique links on the page https://www.sehatq.com/

2019-07-25 11:00:05 - [MESSAGE][PASSED] - Found 61 unique links on the page https://www.sehatq.com/

2019-07-25 11:00:05 - [TEST_STEP][NOT_RUN] - closeBrowser(): NOT_RUN: closeBrowser()

2019-07-25 11:00:05 - [MESSAGE][NOT_RUN] - NOT_RUN: closeBrowser()]]></system-out>
         <system-err><![CDATA[]]></system-err>
      </testcase>
      <testcase name="Test Cases/404 checker by sitemap/404 checker by sitemap - after login" classname="Test Cases/404 checker by sitemap/404 checker by sitemap - after login" status="PASSED">
         <system-out><![CDATA[2019-07-25 11:00:05 - [TEST_CASE][PASSED] - Test Cases/404 checker by sitemap/404 checker by sitemap - after login: Test Cases/404 checker by sitemap/404 checker by sitemap - after login

2019-07-25 11:00:05 - [TEST_STEP][NOT_RUN] - openBrowser(""): NOT_RUN: openBrowser("")

2019-07-25 11:00:05 - [MESSAGE][NOT_RUN] - NOT_RUN: openBrowser("")

2019-07-25 11:00:05 - [TEST_STEP][NOT_RUN] - maximizeWindow(): NOT_RUN: maximizeWindow()

2019-07-25 11:00:05 - [MESSAGE][NOT_RUN] - NOT_RUN: maximizeWindow()

2019-07-25 11:00:05 - [TEST_STEP][PASSED] - navigateToUrl(sitemap): Navigate to 'https://www.sehatq.com/mysehatq/my-booking' successfully

2019-07-25 11:00:06 - [MESSAGE][PASSED] - Navigate to 'https://www.sehatq.com/mysehatq/my-booking' successfully

2019-07-25 11:00:06 - [TEST_STEP][PASSED] - waitForPageLoad(5): Wait for page load successfully

2019-07-25 11:00:07 - [MESSAGE][PASSED] - Wait for page load successfully

2019-07-25 11:00:07 - [TEST_STEP][PASSED] - uerel = []: null

2019-07-25 11:00:07 - [TEST_STEP][PASSED] - uerel += getAllLinksOnCurrentPage(false, []): Found 44 unique links on the page https://www.sehatq.com/mysehatq/my-booking

2019-07-25 11:00:08 - [MESSAGE][PASSED] - Found 44 unique links on the page https://www.sehatq.com/mysehatq/my-booking

2019-07-25 11:00:08 - [TEST_STEP][NOT_RUN] - closeBrowser(): NOT_RUN: closeBrowser()

2019-07-25 11:00:08 - [MESSAGE][NOT_RUN] - NOT_RUN: closeBrowser()]]></system-out>
         <system-err><![CDATA[]]></system-err>
      </testcase>
      <testcase name="Test Cases/404 checker by sitemap/404 checker by sitemap - after login" classname="Test Cases/404 checker by sitemap/404 checker by sitemap - after login" status="PASSED">
         <system-out><![CDATA[2019-07-25 11:00:08 - [TEST_CASE][PASSED] - Test Cases/404 checker by sitemap/404 checker by sitemap - after login: Test Cases/404 checker by sitemap/404 checker by sitemap - after login

2019-07-25 11:00:08 - [TEST_STEP][NOT_RUN] - openBrowser(""): NOT_RUN: openBrowser("")

2019-07-25 11:00:08 - [MESSAGE][NOT_RUN] - NOT_RUN: openBrowser("")

2019-07-25 11:00:08 - [TEST_STEP][NOT_RUN] - maximizeWindow(): NOT_RUN: maximizeWindow()

2019-07-25 11:00:08 - [MESSAGE][NOT_RUN] - NOT_RUN: maximizeWindow()

2019-07-25 11:00:08 - [TEST_STEP][PASSED] - navigateToUrl(sitemap): Navigate to 'https://www.sehatq.com/mysehatq/alat-kesehatan' successfully

2019-07-25 11:00:09 - [MESSAGE][PASSED] - Navigate to 'https://www.sehatq.com/mysehatq/alat-kesehatan' successfully

2019-07-25 11:00:09 - [TEST_STEP][PASSED] - waitForPageLoad(5): Wait for page load successfully

2019-07-25 11:00:10 - [MESSAGE][PASSED] - Wait for page load successfully

2019-07-25 11:00:10 - [TEST_STEP][PASSED] - uerel = []: null

2019-07-25 11:00:10 - [TEST_STEP][PASSED] - uerel += getAllLinksOnCurrentPage(false, []): Found 53 unique links on the page https://www.sehatq.com/mysehatq/alat-kesehatan

2019-07-25 11:00:11 - [MESSAGE][PASSED] - Found 53 unique links on the page https://www.sehatq.com/mysehatq/alat-kesehatan

2019-07-25 11:00:11 - [TEST_STEP][NOT_RUN] - closeBrowser(): NOT_RUN: closeBrowser()

2019-07-25 11:00:11 - [MESSAGE][NOT_RUN] - NOT_RUN: closeBrowser()]]></system-out>
         <system-err><![CDATA[]]></system-err>
      </testcase>
      <testcase name="Test Cases/404 checker by sitemap/404 checker by sitemap - after login" classname="Test Cases/404 checker by sitemap/404 checker by sitemap - after login" status="PASSED">
         <system-out><![CDATA[2019-07-25 11:00:11 - [TEST_CASE][PASSED] - Test Cases/404 checker by sitemap/404 checker by sitemap - after login: Test Cases/404 checker by sitemap/404 checker by sitemap - after login

2019-07-25 11:00:11 - [TEST_STEP][NOT_RUN] - openBrowser(""): NOT_RUN: openBrowser("")

2019-07-25 11:00:11 - [MESSAGE][NOT_RUN] - NOT_RUN: openBrowser("")

2019-07-25 11:00:11 - [TEST_STEP][NOT_RUN] - maximizeWindow(): NOT_RUN: maximizeWindow()

2019-07-25 11:00:11 - [MESSAGE][NOT_RUN] - NOT_RUN: maximizeWindow()

2019-07-25 11:00:11 - [TEST_STEP][PASSED] - navigateToUrl(sitemap): Navigate to 'https://www.sehatq.com/mysehatq/alat-kesehatan/kalender-imunisasi?id=7' successfully

2019-07-25 11:00:12 - [MESSAGE][PASSED] - Navigate to 'https://www.sehatq.com/mysehatq/alat-kesehatan/kalender-imunisasi?id=7' successfully

2019-07-25 11:00:12 - [TEST_STEP][PASSED] - waitForPageLoad(5): Wait for page load successfully

2019-07-25 11:00:15 - [MESSAGE][PASSED] - Wait for page load successfully

2019-07-25 11:00:15 - [TEST_STEP][PASSED] - uerel = []: null

2019-07-25 11:00:15 - [TEST_STEP][PASSED] - uerel += getAllLinksOnCurrentPage(false, []): Found 56 unique links on the page https://www.sehatq.com/mysehatq/alat-kesehatan/kalender-imunisasi?id=7

2019-07-25 11:00:17 - [MESSAGE][PASSED] - Found 56 unique links on the page https://www.sehatq.com/mysehatq/alat-kesehatan/kalender-imunisasi?id=7

2019-07-25 11:00:17 - [TEST_STEP][NOT_RUN] - closeBrowser(): NOT_RUN: closeBrowser()

2019-07-25 11:00:17 - [MESSAGE][NOT_RUN] - NOT_RUN: closeBrowser()]]></system-out>
         <system-err><![CDATA[]]></system-err>
      </testcase>
      <testcase name="Test Cases/404 checker by sitemap/404 checker by sitemap - after login" classname="Test Cases/404 checker by sitemap/404 checker by sitemap - after login" status="PASSED">
         <system-out><![CDATA[2019-07-25 11:00:17 - [TEST_CASE][PASSED] - Test Cases/404 checker by sitemap/404 checker by sitemap - after login: Test Cases/404 checker by sitemap/404 checker by sitemap - after login

2019-07-25 11:00:17 - [TEST_STEP][NOT_RUN] - openBrowser(""): NOT_RUN: openBrowser("")

2019-07-25 11:00:17 - [MESSAGE][NOT_RUN] - NOT_RUN: openBrowser("")

2019-07-25 11:00:17 - [TEST_STEP][NOT_RUN] - maximizeWindow(): NOT_RUN: maximizeWindow()

2019-07-25 11:00:17 - [MESSAGE][NOT_RUN] - NOT_RUN: maximizeWindow()

2019-07-25 11:00:17 - [TEST_STEP][PASSED] - navigateToUrl(sitemap): Navigate to 'https://www.sehatq.com/mysehatq/alat-kesehatan/kalkulator-indeks-massa-tubuh' successfully

2019-07-25 11:00:21 - [MESSAGE][PASSED] - Navigate to 'https://www.sehatq.com/mysehatq/alat-kesehatan/kalkulator-indeks-massa-tubuh' successfully

2019-07-25 11:00:21 - [TEST_STEP][PASSED] - waitForPageLoad(5): Wait for page load successfully

2019-07-25 11:00:24 - [MESSAGE][PASSED] - Wait for page load successfully

2019-07-25 11:00:24 - [TEST_STEP][PASSED] - uerel = []: null

2019-07-25 11:00:24 - [TEST_STEP][PASSED] - uerel += getAllLinksOnCurrentPage(false, []): Found 49 unique links on the page https://www.sehatq.com/mysehatq/alat-kesehatan/kalkulator-indeks-massa-tubuh

2019-07-25 11:00:25 - [MESSAGE][PASSED] - Found 49 unique links on the page https://www.sehatq.com/mysehatq/alat-kesehatan/kalkulator-indeks-massa-tubuh

2019-07-25 11:00:25 - [TEST_STEP][NOT_RUN] - closeBrowser(): NOT_RUN: closeBrowser()

2019-07-25 11:00:25 - [MESSAGE][NOT_RUN] - NOT_RUN: closeBrowser()]]></system-out>
         <system-err><![CDATA[]]></system-err>
      </testcase>
      <testcase name="Test Cases/404 checker by sitemap/404 checker by sitemap - after login" classname="Test Cases/404 checker by sitemap/404 checker by sitemap - after login" status="PASSED">
         <system-out><![CDATA[2019-07-25 11:00:25 - [TEST_CASE][PASSED] - Test Cases/404 checker by sitemap/404 checker by sitemap - after login: Test Cases/404 checker by sitemap/404 checker by sitemap - after login

2019-07-25 11:00:25 - [TEST_STEP][NOT_RUN] - openBrowser(""): NOT_RUN: openBrowser("")

2019-07-25 11:00:25 - [MESSAGE][NOT_RUN] - NOT_RUN: openBrowser("")

2019-07-25 11:00:25 - [TEST_STEP][NOT_RUN] - maximizeWindow(): NOT_RUN: maximizeWindow()

2019-07-25 11:00:25 - [MESSAGE][NOT_RUN] - NOT_RUN: maximizeWindow()

2019-07-25 11:00:25 - [TEST_STEP][PASSED] - navigateToUrl(sitemap): Navigate to 'https://www.sehatq.com/mysehatq/alat-kesehatan/kalkulator-persentase-lemak-tubuh' successfully

2019-07-25 11:00:25 - [MESSAGE][PASSED] - Navigate to 'https://www.sehatq.com/mysehatq/alat-kesehatan/kalkulator-persentase-lemak-tubuh' successfully

2019-07-25 11:00:25 - [TEST_STEP][PASSED] - waitForPageLoad(5): Wait for page load successfully

2019-07-25 11:00:27 - [MESSAGE][PASSED] - Wait for page load successfully

2019-07-25 11:00:27 - [TEST_STEP][PASSED] - uerel = []: null

2019-07-25 11:00:27 - [TEST_STEP][PASSED] - uerel += getAllLinksOnCurrentPage(false, []): Found 64 unique links on the page https://www.sehatq.com/mysehatq/alat-kesehatan/kalkulator-persentase-lemak-tubuh

2019-07-25 11:00:28 - [MESSAGE][PASSED] - Found 64 unique links on the page https://www.sehatq.com/mysehatq/alat-kesehatan/kalkulator-persentase-lemak-tubuh

2019-07-25 11:00:28 - [TEST_STEP][NOT_RUN] - closeBrowser(): NOT_RUN: closeBrowser()

2019-07-25 11:00:28 - [MESSAGE][NOT_RUN] - NOT_RUN: closeBrowser()]]></system-out>
         <system-err><![CDATA[]]></system-err>
      </testcase>
      <testcase name="Test Cases/404 checker by sitemap/404 checker by sitemap - after login" classname="Test Cases/404 checker by sitemap/404 checker by sitemap - after login" status="PASSED">
         <system-out><![CDATA[2019-07-25 11:00:28 - [TEST_CASE][PASSED] - Test Cases/404 checker by sitemap/404 checker by sitemap - after login: Test Cases/404 checker by sitemap/404 checker by sitemap - after login

2019-07-25 11:00:28 - [TEST_STEP][NOT_RUN] - openBrowser(""): NOT_RUN: openBrowser("")

2019-07-25 11:00:28 - [MESSAGE][NOT_RUN] - NOT_RUN: openBrowser("")

2019-07-25 11:00:28 - [TEST_STEP][NOT_RUN] - maximizeWindow(): NOT_RUN: maximizeWindow()

2019-07-25 11:00:28 - [MESSAGE][NOT_RUN] - NOT_RUN: maximizeWindow()

2019-07-25 11:00:28 - [TEST_STEP][PASSED] - navigateToUrl(sitemap): Navigate to 'https://www.sehatq.com/mysehatq/alat-kesehatan/ovulasi' successfully

2019-07-25 11:00:29 - [MESSAGE][PASSED] - Navigate to 'https://www.sehatq.com/mysehatq/alat-kesehatan/ovulasi' successfully

2019-07-25 11:00:29 - [TEST_STEP][PASSED] - waitForPageLoad(5): Wait for page load successfully

2019-07-25 11:00:31 - [MESSAGE][PASSED] - Wait for page load successfully

2019-07-25 11:00:31 - [TEST_STEP][PASSED] - uerel = []: null

2019-07-25 11:00:31 - [TEST_STEP][PASSED] - uerel += getAllLinksOnCurrentPage(false, []): Found 50 unique links on the page https://www.sehatq.com/mysehatq/alat-kesehatan/ovulasi

2019-07-25 11:00:32 - [MESSAGE][PASSED] - Found 50 unique links on the page https://www.sehatq.com/mysehatq/alat-kesehatan/ovulasi

2019-07-25 11:00:32 - [TEST_STEP][NOT_RUN] - closeBrowser(): NOT_RUN: closeBrowser()

2019-07-25 11:00:32 - [MESSAGE][NOT_RUN] - NOT_RUN: closeBrowser()]]></system-out>
         <system-err><![CDATA[]]></system-err>
      </testcase>
      <testcase name="Test Cases/404 checker by sitemap/404 checker by sitemap - after login" classname="Test Cases/404 checker by sitemap/404 checker by sitemap - after login" status="PASSED">
         <system-out><![CDATA[2019-07-25 11:00:32 - [TEST_CASE][PASSED] - Test Cases/404 checker by sitemap/404 checker by sitemap - after login: Test Cases/404 checker by sitemap/404 checker by sitemap - after login

2019-07-25 11:00:32 - [TEST_STEP][NOT_RUN] - openBrowser(""): NOT_RUN: openBrowser("")

2019-07-25 11:00:32 - [MESSAGE][NOT_RUN] - NOT_RUN: openBrowser("")

2019-07-25 11:00:32 - [TEST_STEP][NOT_RUN] - maximizeWindow(): NOT_RUN: maximizeWindow()

2019-07-25 11:00:32 - [MESSAGE][NOT_RUN] - NOT_RUN: maximizeWindow()

2019-07-25 11:00:32 - [TEST_STEP][PASSED] - navigateToUrl(sitemap): Navigate to 'https://www.sehatq.com/mysehatq/alat-kesehatan/kehamilan' successfully

2019-07-25 11:00:32 - [MESSAGE][PASSED] - Navigate to 'https://www.sehatq.com/mysehatq/alat-kesehatan/kehamilan' successfully

2019-07-25 11:00:32 - [TEST_STEP][PASSED] - waitForPageLoad(5): Wait for page load successfully

2019-07-25 11:00:34 - [MESSAGE][PASSED] - Wait for page load successfully

2019-07-25 11:00:34 - [TEST_STEP][PASSED] - uerel = []: null

2019-07-25 11:00:34 - [TEST_STEP][PASSED] - uerel += getAllLinksOnCurrentPage(false, []): Found 48 unique links on the page https://www.sehatq.com/mysehatq/alat-kesehatan/kehamilan

2019-07-25 11:00:35 - [MESSAGE][PASSED] - Found 48 unique links on the page https://www.sehatq.com/mysehatq/alat-kesehatan/kehamilan

2019-07-25 11:00:35 - [TEST_STEP][NOT_RUN] - closeBrowser(): NOT_RUN: closeBrowser()

2019-07-25 11:00:35 - [MESSAGE][NOT_RUN] - NOT_RUN: closeBrowser()]]></system-out>
         <system-err><![CDATA[]]></system-err>
      </testcase>
      <testcase name="Test Cases/404 checker by sitemap/404 checker by sitemap - after login" classname="Test Cases/404 checker by sitemap/404 checker by sitemap - after login" status="PASSED">
         <system-out><![CDATA[2019-07-25 11:00:35 - [TEST_CASE][PASSED] - Test Cases/404 checker by sitemap/404 checker by sitemap - after login: Test Cases/404 checker by sitemap/404 checker by sitemap - after login

2019-07-25 11:00:35 - [TEST_STEP][NOT_RUN] - openBrowser(""): NOT_RUN: openBrowser("")

2019-07-25 11:00:35 - [MESSAGE][NOT_RUN] - NOT_RUN: openBrowser("")

2019-07-25 11:00:35 - [TEST_STEP][NOT_RUN] - maximizeWindow(): NOT_RUN: maximizeWindow()

2019-07-25 11:00:35 - [MESSAGE][NOT_RUN] - NOT_RUN: maximizeWindow()

2019-07-25 11:00:35 - [TEST_STEP][PASSED] - navigateToUrl(sitemap): Navigate to 'https://www.sehatq.com/mysehatq/alat-kesehatan/tumbuh-kembang-anak' successfully

2019-07-25 11:00:35 - [MESSAGE][PASSED] - Navigate to 'https://www.sehatq.com/mysehatq/alat-kesehatan/tumbuh-kembang-anak' successfully

2019-07-25 11:00:35 - [TEST_STEP][PASSED] - waitForPageLoad(5): Wait for page load successfully

2019-07-25 11:00:37 - [MESSAGE][PASSED] - Wait for page load successfully

2019-07-25 11:00:37 - [TEST_STEP][PASSED] - uerel = []: null

2019-07-25 11:00:37 - [TEST_STEP][PASSED] - uerel += getAllLinksOnCurrentPage(false, []): Found 53 unique links on the page https://www.sehatq.com/mysehatq/alat-kesehatan/tumbuh-kembang-anak

2019-07-25 11:00:38 - [MESSAGE][PASSED] - Found 53 unique links on the page https://www.sehatq.com/mysehatq/alat-kesehatan/tumbuh-kembang-anak

2019-07-25 11:00:38 - [TEST_STEP][NOT_RUN] - closeBrowser(): NOT_RUN: closeBrowser()

2019-07-25 11:00:38 - [MESSAGE][NOT_RUN] - NOT_RUN: closeBrowser()]]></system-out>
         <system-err><![CDATA[]]></system-err>
      </testcase>
      <system-out><![CDATA[2019-07-25 10:59:49 - [TEST_SUITE][PASSED] - Sitemap: Test Cases/404 checker by sitemap/404 checker by sitemap - after login]]></system-out>
      <system-err><![CDATA[]]></system-err>
   </testsuite>
</testsuites>
